08:36:03 **** Incremental Build of configuration Debug for project calculator ****
make all 
Building file: ../CLCD_program.c
Invoking: AVR Compiler
avr-gcc -Wall -g2 -gstabs -O0 -fpack-struct -fshort-enums -ffunction-sections -fdata-sections -std=gnu99 -funsigned-char -funsigned-bitfields -mmcu=atmega32 -DF_CPU=8000000UL -MMD -MP -MF"CLCD_program.d" -MT"CLCD_program.o" -c -o "CLCD_program.o" "../CLCD_program.c"
In file included from ../CLCD_program.c:16:
c:/imt_sdk_win_64/winavr/lib/gcc/../../avr/include/util/delay.h:90:3: warning: #warning "Compiler optimizations disabled; functions from <util/delay.h> won't work as designed"
Finished building: ../CLCD_program.c
 
Building file: ../main.c
Invoking: AVR Compiler
avr-gcc -Wall -g2 -gstabs -O0 -fpack-struct -fshort-enums -ffunction-sections -fdata-sections -std=gnu99 -funsigned-char -funsigned-bitfields -mmcu=atmega32 -DF_CPU=8000000UL -MMD -MP -MF"main.d" -MT"main.o" -c -o "main.o" "../main.c"
In file included from ../main.c:15:
c:/imt_sdk_win_64/winavr/lib/gcc/../../avr/include/util/delay.h:90:3: warning: #warning "Compiler optimizations disabled; functions from <util/delay.h> won't work as designed"
Finished building: ../main.c
 
Building target: calculator.elf
Invoking: AVR C Linker
avr-gcc -Wl,-Map,calculator.map -mmcu=atmega32 -o "calculator.elf"  ./CLCD_program.o ./DIO_program.o ./KPAD_program.o ./main.o   
Finished building target: calculator.elf
 
Invoking: AVR Create Extended Listing
avr-objdump -h -S calculator.elf  >"calculator.lss"
Finished building: calculator.lss
 
Invoking: Print Size
avr-size --format=avr --mcu=atmega32 calculator.elf
AVR Memory Usage
----------------
Device: atmega32

Program:   11774 bytes (35.9% Full)
(.text + .data + .bootloader)

Data:         82 bytes (4.0% Full)
(.data + .bss + .noinit)


Finished building: sizedummy
 

08:36:04 Build Finished (took 651ms)

